{"level":"info","message":"Daily due-tomorrow reminder job scheduled (11:00 AM IST)","timestamp":"2026-04-16T06:36:51.683Z"}
{"level":"info","message":"Daily task summaries job scheduled (11:00 AM & 6:30 PM IST, weekdays)","timestamp":"2026-04-16T06:36:51.700Z"}
{"level":"info","message":"Attendance summary job scheduled","timestamp":"2026-04-16T06:36:51.709Z"}
{"level":"info","message":"Connected to Redis","timestamp":"2026-04-16T06:36:51.745Z"}
{"level":"info","message":"Cleared all part_drawings and inventory caches","timestamp":"2026-04-16T06:36:51.750Z"}
{"level":"info","message":"Cleared all part_drawings_raw and raw_materials caches","timestamp":"2026-04-16T06:36:51.751Z"}
{"level":"info","message":"Database connection successful:","now":"2026-04-16T06:36:51.560Z","timestamp":"2026-04-16T06:36:52.043Z"}
{"level":"info","message":"Redis connection successful:","timestamp":"2026-04-16T06:36:52.050Z"}
{"level":"info","message":"Server running on port 8000","timestamp":"2026-04-16T06:36:52.056Z"}
{"level":"info","message":"Daily due-tomorrow reminder job scheduled (11:00 AM IST)","timestamp":"2026-04-16T06:43:10.905Z"}
{"level":"info","message":"Daily task summaries job scheduled (11:00 AM & 6:30 PM IST, weekdays)","timestamp":"2026-04-16T06:43:10.928Z"}
{"level":"info","message":"Attendance summary job scheduled","timestamp":"2026-04-16T06:43:10.943Z"}
{"level":"info","message":"Connected to Redis","timestamp":"2026-04-16T06:43:11.008Z"}
{"level":"info","message":"Cleared all part_drawings and inventory caches","timestamp":"2026-04-16T06:43:11.015Z"}
{"level":"info","message":"Cleared all part_drawings_raw and raw_materials caches","timestamp":"2026-04-16T06:43:11.017Z"}
{"level":"info","message":"Database connection successful:","now":"2026-04-16T06:43:10.905Z","timestamp":"2026-04-16T06:43:11.385Z"}
{"level":"info","message":"Redis connection successful:","timestamp":"2026-04-16T06:43:11.387Z"}
{"level":"info","message":"Server running on port 8000","timestamp":"2026-04-16T06:43:11.391Z"}
{"level":"info","message":"Daily due-tomorrow reminder job scheduled (11:00 AM IST)","timestamp":"2026-04-16T06:43:23.775Z"}
{"level":"info","message":"Daily task summaries job scheduled (11:00 AM & 6:30 PM IST, weekdays)","timestamp":"2026-04-16T06:43:23.789Z"}
{"level":"info","message":"Attendance summary job scheduled","timestamp":"2026-04-16T06:43:23.803Z"}
{"level":"info","message":"Connected to Redis","timestamp":"2026-04-16T06:43:23.871Z"}
{"level":"info","message":"Cleared all part_drawings and inventory caches","timestamp":"2026-04-16T06:43:23.883Z"}
{"level":"info","message":"Cleared all part_drawings_raw and raw_materials caches","timestamp":"2026-04-16T06:43:23.883Z"}
{"level":"info","message":"Database connection successful:","now":"2026-04-16T06:43:23.703Z","timestamp":"2026-04-16T06:43:24.184Z"}
{"level":"info","message":"Redis connection successful:","timestamp":"2026-04-16T06:43:24.187Z"}
{"level":"info","message":"Server running on port 8000","timestamp":"2026-04-16T06:43:24.190Z"}
{"level":"info","message":"Daily due-tomorrow reminder job scheduled (11:00 AM IST)","timestamp":"2026-04-16T06:43:36.463Z"}
{"level":"info","message":"Daily task summaries job scheduled (11:00 AM & 6:30 PM IST, weekdays)","timestamp":"2026-04-16T06:43:36.485Z"}
{"level":"info","message":"Attendance summary job scheduled","timestamp":"2026-04-16T06:43:36.500Z"}
{"level":"info","message":"Connected to Redis","timestamp":"2026-04-16T06:43:36.531Z"}
{"level":"info","message":"Cleared all part_drawings and inventory caches","timestamp":"2026-04-16T06:43:36.533Z"}
{"level":"info","message":"Cleared all part_drawings_raw and raw_materials caches","timestamp":"2026-04-16T06:43:36.534Z"}
{"level":"info","message":"Database connection successful:","now":"2026-04-16T06:43:36.368Z","timestamp":"2026-04-16T06:43:36.852Z"}
{"level":"info","message":"Redis connection successful:","timestamp":"2026-04-16T06:43:36.856Z"}
{"level":"info","message":"Server running on port 8000","timestamp":"2026-04-16T06:43:36.859Z"}
{"level":"info","message":"Daily due-tomorrow reminder job scheduled (11:00 AM IST)","timestamp":"2026-04-16T06:49:29.351Z"}
{"level":"info","message":"Daily task summaries job scheduled (11:00 AM & 6:30 PM IST, weekdays)","timestamp":"2026-04-16T06:49:29.370Z"}
{"level":"info","message":"Attendance summary job scheduled","timestamp":"2026-04-16T06:49:29.397Z"}
{"level":"info","message":"Connected to Redis","timestamp":"2026-04-16T06:49:29.518Z"}
{"level":"info","message":"Cleared all part_drawings and inventory caches","timestamp":"2026-04-16T06:49:29.520Z"}
{"level":"info","message":"Cleared all part_drawings_raw and raw_materials caches","timestamp":"2026-04-16T06:49:29.521Z"}
{"level":"info","message":"Database connection successful:","now":"2026-04-16T06:49:29.324Z","timestamp":"2026-04-16T06:49:29.815Z"}
{"level":"info","message":"Redis connection successful:","timestamp":"2026-04-16T06:49:29.818Z"}
{"level":"info","message":"Server running on port 8000","timestamp":"2026-04-16T06:49:29.821Z"}
{"level":"info","message":"User logged in: admin@compageauto.com, user_id: 1, role_id: 1, role: admin","timestamp":"2026-04-16T06:49:33.861Z"}
{"level":"info","message":"Socket.IO client connected:","timestamp":"2026-04-16T06:49:33.919Z"}
{"level":"info","message":"Socket.IO client connected:","timestamp":"2026-04-16T06:49:33.979Z"}
{"level":"info","message":"Socket.IO client disconnected:","timestamp":"2026-04-16T06:50:05.335Z"}
{"level":"info","message":"Socket.IO client connected:","timestamp":"2026-04-16T06:50:05.341Z"}
{"level":"info","message":"Socket.IO client disconnected:","timestamp":"2026-04-16T07:16:37.357Z"}
{"level":"info","message":"Socket.IO client connected:","timestamp":"2026-04-16T07:16:37.435Z"}
{"level":"info","message":"Socket.IO client disconnected:","timestamp":"2026-04-16T07:16:52.329Z"}
{"level":"info","message":"Socket.IO client connected:","timestamp":"2026-04-16T07:16:52.334Z"}
{"level":"info","message":"Motor recipe upserted: customer=1 product=2 by user=1","timestamp":"2026-04-16T07:22:03.836Z"}
{"level":"info","message":"Motor recipe upserted: customer=1 product=2 by user=1","timestamp":"2026-04-16T07:22:19.515Z"}
{"level":"info","message":"Motor recipe deleted: customer=1 product=2 by user=1","timestamp":"2026-04-16T07:22:25.446Z"}
{"level":"info","message":"Motor recipe upserted: customer=1 product=2 by user=1","timestamp":"2026-04-16T07:34:29.816Z"}
{"level":"info","message":"Motor recipe upserted: customer=1 product=2 by user=1","timestamp":"2026-04-16T07:34:43.340Z"}
{"level":"info","message":"Motor recipe deleted: customer=1 product=2 by user=1","timestamp":"2026-04-16T07:34:51.000Z"}
{"level":"info","message":"User logged out, user_id: 1","timestamp":"2026-04-16T07:36:00.828Z"}
{"level":"info","message":"Socket.IO client disconnected:","timestamp":"2026-04-16T07:36:00.834Z"}
{"level":"info","message":"Socket.IO client disconnected:","timestamp":"2026-04-16T07:36:00.844Z"}
{"level":"info","message":"User logged in: production@compageauto.com, user_id: 9, role_id: 5, role: production","timestamp":"2026-04-16T07:36:09.397Z"}
{"level":"info","message":"Socket.IO client connected:","timestamp":"2026-04-16T07:36:09.453Z"}
{"level":"info","message":"Socket.IO client connected:","timestamp":"2026-04-16T07:36:09.454Z"}
{"level":"info","message":"Socket.IO client disconnected:","timestamp":"2026-04-16T07:36:46.341Z"}
{"level":"info","message":"Socket.IO client connected:","timestamp":"2026-04-16T07:36:46.347Z"}
{"level":"info","message":"Socket.IO client disconnected:","timestamp":"2026-04-16T07:37:13.330Z"}
{"level":"info","message":"Socket.IO client connected:","timestamp":"2026-04-16T07:37:13.369Z"}
{"level":"info","message":"User logged out, user_id: 9","timestamp":"2026-04-16T07:37:25.170Z"}
{"level":"info","message":"Socket.IO client disconnected:","timestamp":"2026-04-16T07:37:25.174Z"}
{"level":"info","message":"Socket.IO client disconnected:","timestamp":"2026-04-16T07:37:25.179Z"}
{"level":"info","message":"User logged in: design@compageauto.com, user_id: 8, role_id: 4, role: design","timestamp":"2026-04-16T07:37:32.402Z"}
{"level":"info","message":"Socket.IO client connected:","timestamp":"2026-04-16T07:37:32.443Z"}
{"level":"info","message":"Socket.IO client connected:","timestamp":"2026-04-16T07:37:32.449Z"}
{"level":"info","message":"Motor recipe upserted: customer=31 product=34 by user=8","timestamp":"2026-04-16T07:37:43.816Z"}
{"level":"info","message":"User logged out, user_id: 8","timestamp":"2026-04-16T07:37:46.591Z"}
{"level":"info","message":"Socket.IO client disconnected:","timestamp":"2026-04-16T07:37:46.594Z"}
{"level":"info","message":"Socket.IO client disconnected:","timestamp":"2026-04-16T07:37:46.599Z"}
{"level":"info","message":"User logged in: admin@compageauto.com, user_id: 1, role_id: 1, role: admin","timestamp":"2026-04-16T07:37:55.077Z"}
{"level":"info","message":"Socket.IO client connected:","timestamp":"2026-04-16T07:37:55.117Z"}
{"level":"info","message":"Socket.IO client connected:","timestamp":"2026-04-16T07:37:55.119Z"}
{"level":"info","message":"Motor recipe deleted: customer=31 product=34 by user=1","timestamp":"2026-04-16T07:38:02.629Z"}
