{"level":"error","message":"Redis client error: Connection timeout","stack":"Error: Connection timeout\n    at Socket.<anonymous> (C:\\Users\\Rahul\\OneDrive\\Desktop\\Projects\\ERP-CRM\\CRM_BACKEND\\node_modules\\@redis\\client\\dist\\lib\\client\\socket.js:177:124)\n    at Object.onceWrapper (node:events:632:28)\n    at Socket.emit (node:events:518:28)\n    at Socket._onTimeout (node:net:604:8)\n    at listOnTimeout (node:internal/timers:588:17)\n    at process.processTimers (node:internal/timers:523:7)","timestamp":"2025-11-19T10:48:38.148Z"}
{"level":"error","message":"Error fetching stock: timeout exceeded when trying to connect","timestamp":"2025-11-19T10:58:45.667Z"}
{"level":"error","message":"Error fetching stock: timeout exceeded when trying to connect","timestamp":"2025-11-19T10:58:48.123Z"}
{"level":"error","message":"Redis client error: Connection timeout","stack":"Error: Connection timeout\n    at Socket.<anonymous> (C:\\Users\\Rahul\\OneDrive\\Desktop\\Projects\\ERP-CRM\\CRM_BACKEND\\node_modules\\@redis\\client\\dist\\lib\\client\\socket.js:177:124)\n    at Object.onceWrapper (node:events:632:28)\n    at Socket.emit (node:events:518:28)\n    at Socket._onTimeout (node:net:604:8)\n    at listOnTimeout (node:internal/timers:588:17)\n    at process.processTimers (node:internal/timers:523:7)","timestamp":"2025-11-21T09:35:58.988Z"}
{"level":"error","message":"Error fetching orders for user 1 timeout exceeded when trying to connect","stack":"Error: timeout exceeded when trying to connect\n    at C:\\Users\\Rahul\\OneDrive\\Desktop\\Projects\\ERP-CRM\\CRM_BACKEND\\node_modules\\pg-pool\\index.js:45:11\n    at runNextTicks (node:internal/process/task_queues:65:5)\n    at listOnTimeout (node:internal/timers:549:9)\n    at process.processTimers (node:internal/timers:523:7)\n    at async C:\\Users\\Rahul\\OneDrive\\Desktop\\Projects\\ERP-CRM\\CRM_BACKEND\\routes\\orders.js:39:24\n    at async Promise.all (index 5)\n    at async C:\\Users\\Rahul\\OneDrive\\Desktop\\Projects\\ERP-CRM\\CRM_BACKEND\\routes\\orders.js:38:27","timestamp":"2025-11-21T09:36:04.758Z"}
{"level":"error","message":"timeout exceeded when trying to connect - GET /api/orders?limit=5000&offset=0&force_refresh=true","timestamp":"2025-11-21T09:36:04.761Z"}
{"level":"error","message":"Error fetching stock: timeout exceeded when trying to connect","timestamp":"2025-11-21T09:43:09.103Z"}
{"level":"error","message":"Error fetching customer invoices: timeout exceeded when trying to connect","timestamp":"2025-11-21T09:43:17.179Z"}
{"level":"error","message":"Error fetching stock: timeout exceeded when trying to connect","timestamp":"2025-11-21T10:03:52.324Z"}
{"level":"error","message":"Error fetching stock: timeout exceeded when trying to connect","timestamp":"2025-11-21T10:29:40.092Z"}
{"level":"error","message":"Error fetching stock: timeout exceeded when trying to connect","timestamp":"2025-11-21T10:39:27.893Z"}
{"level":"error","message":"Redis client error: Connection timeout","stack":"Error: Connection timeout\n    at Socket.<anonymous> (C:\\Users\\Rahul\\OneDrive\\Desktop\\Projects\\ERP-CRM\\CRM_BACKEND\\node_modules\\@redis\\client\\dist\\lib\\client\\socket.js:177:124)\n    at Object.onceWrapper (node:events:632:28)\n    at Socket.emit (node:events:518:28)\n    at Socket._onTimeout (node:net:604:8)\n    at listOnTimeout (node:internal/timers:588:17)\n    at process.processTimers (node:internal/timers:523:7)","timestamp":"2025-11-21T10:42:57.596Z"}
{"level":"error","message":"Login error: Connection terminated due to connection timeout","stack":"Error: Connection terminated due to connection timeout\n    at C:\\Users\\Rahul\\OneDrive\\Desktop\\Projects\\ERP-CRM\\CRM_BACKEND\\node_modules\\pg-pool\\index.js:45:11\n    at process.processTicksAndRejections (node:internal/process/task_queues:105:5)\n    at async C:\\Users\\Rahul\\OneDrive\\Desktop\\Projects\\ERP-CRM\\CRM_BACKEND\\routes\\auth.js:19:22","timestamp":"2025-11-21T11:03:45.381Z"}
{"level":"error","message":"Photo upload failed for product 121:","timestamp":"2025-11-21T11:33:01.439Z"}
{"level":"error","message":"Photo upload failed for product 121:","timestamp":"2025-11-21T11:33:31.481Z"}
{"level":"error","message":"Photo upload failed for product 120:","timestamp":"2025-11-21T11:33:55.232Z"}
{"level":"error","message":"Photo upload failed for product 121:","timestamp":"2025-11-21T11:35:58.249Z"}
{"level":"error","message":"Photo upload failed for product 121:","timestamp":"2025-11-21T11:37:00.109Z"}
{"level":"error","message":"Photo upload failed for product 121:","timestamp":"2025-11-21T11:39:11.816Z"}
{"level":"error","message":"Error fetching stock: timeout exceeded when trying to connect","timestamp":"2025-11-21T11:43:25.793Z"}
{"level":"error","message":"Error fetching stock: timeout exceeded when trying to connect","timestamp":"2025-11-21T11:58:30.104Z"}
{"level":"error","message":"Photo upload failed for product 121:","timestamp":"2025-11-21T12:22:03.183Z"}
